[//]: # "\documentclass[12pt]{article}}"

[//]: # "
\package[lingmacros]

\package[tree-dvips]

}"

[//]: # "
\package[tree-dvips]

}"

## Um chapter

< > , ( ) - ? ! ; <----- linguagem cuneiforme 

#### **1.1	Uma section**


que legal a materia Compiladores 

##### **1.2.1	cruzeiro vai cair para serie C**


I'll just assume a tree structure like. 

##### **1.2.2	yet another subsection**


Mood changes when there is a topic, as well as when there is WH-movement. is the mood when there is a non-subject topic or WH-phrase in Comp. is the mood when there is a subject topic or WH-phrase. 

<ins>mas que trabalho deu fazer esse trabalho !</ins>   

* brusque maior do Sul
* volta quadrada 


**a vida eh dura pra quem eh mole !** 